  main.cpp
C:\Users\mark-turpen\code\wiifit\main.cpp(42,35): warning C4305: 'initializing': truncation from 'double' to 'float'
C:\Users\mark-turpen\code\wiifit\main.cpp(161,32): warning C4244: '=': conversion from 'double' to 'float', possible loss of data
C:\Users\mark-turpen\code\wiifit\main.cpp(271,17): warning C4244: '=': conversion from 'double' to 'float', possible loss of data
C:\Users\mark-turpen\code\wiifit\main.cpp(273,29): warning C4244: '=': conversion from 'double' to 'float', possible loss of data
C:\Users\mark-turpen\code\wiifit\main.cpp(274,29): warning C4244: '=': conversion from 'double' to 'float', possible loss of data
C:\Users\mark-turpen\code\wiifit\main.cpp(278,29): warning C4244: '=': conversion from 'double' to 'float', possible loss of data
C:\Users\mark-turpen\code\wiifit\main.cpp(279,29): warning C4244: '=': conversion from 'double' to 'float', possible loss of data
C:\Users\mark-turpen\code\wiifit\main.cpp(302,37): warning C4244: 'argument': conversion from 'double' to 'float', possible loss of data
C:\Users\mark-turpen\code\wiifit\main.cpp(320,14): warning C4244: 'initializing': conversion from 'double' to 'float', possible loss of data
C:\Users\mark-turpen\code\wiifit\main.cpp(331,14): warning C4244: 'initializing': conversion from 'double' to 'float', possible loss of data
C:\Users\mark-turpen\code\wiifit\main.cpp(353,17): warning C4244: 'initializing': conversion from 'double' to 'float', possible loss of data
C:\Users\mark-turpen\code\wiifit\main.cpp(359,38): warning C4244: 'argument': conversion from 'double' to 'float', possible loss of data
C:\Users\mark-turpen\code\wiifit\main.cpp(367,49): warning C4244: 'argument': conversion from 'double' to 'float', possible loss of data
C:\Users\mark-turpen\code\wiifit\main.cpp(404,30): warning C4305: 'argument': truncation from 'double' to 'float'
C:\Users\mark-turpen\code\wiifit\main.cpp(410,30): warning C4305: 'argument': truncation from 'double' to 'float'
C:\Users\mark-turpen\code\wiifit\main.cpp(439,20): warning C4305: 'argument': truncation from 'double' to 'float'
C:\Users\mark-turpen\code\wiifit\main.cpp(490,44): warning C4244: 'return': conversion from 'double' to 'float', possible loss of data
C:\Users\mark-turpen\code\wiifit\main.cpp(522,36): warning C4244: 'argument': conversion from 'float' to 'int', possible loss of data
C:\Users\mark-turpen\code\wiifit\main.cpp(522,29): warning C4244: 'argument': conversion from 'float' to 'int', possible loss of data
C:\Users\mark-turpen\code\wiifit\main.cpp(541,21): warning C4244: '=': conversion from 'double' to 'uint8_t', possible loss of data
C:\Users\mark-turpen\code\wiifit\main.cpp(543,21): warning C4244: '=': conversion from 'double' to 'uint8_t', possible loss of data
C:\Users\mark-turpen\code\wiifit\main.cpp(570,21): warning C4244: 'argument': conversion from 'double' to 'float', possible loss of data
C:\Users\mark-turpen\code\wiifit\main.cpp(571,19): warning C4244: 'argument': conversion from 'double' to 'float', possible loss of data
C:\Users\mark-turpen\code\wiifit\main.cpp(574,11): warning C4244: '=': conversion from 'int' to 'float', possible loss of data
C:\Users\mark-turpen\code\wiifit\main.cpp(575,12): warning C4244: '=': conversion from 'int' to 'float', possible loss of data
C:\Users\mark-turpen\code\wiifit\main.cpp(583,1): warning C4305: 'argument': truncation from 'double' to 'float'
C:\Users\mark-turpen\code\wiifit\main.cpp(603,26): warning C4018: '<': signed/unsigned mismatch
C:\Users\mark-turpen\code\wiifit\main.cpp(630,1): warning C4267: 'initializing': conversion from 'size_t' to 'int', possible loss of data
C:\Users\mark-turpen\code\wiifit\main.cpp(633,1): warning C4267: '=': conversion from 'size_t' to 'int', possible loss of data
C:\Users\mark-turpen\code\wiifit\main.cpp(670,50): warning C4305: 'argument': truncation from 'double' to 'float'
C:\Users\mark-turpen\code\wiifit\main.cpp(670,30): warning C4244: 'argument': conversion from 'int' to 'float', possible loss of data
  dll1.vcxproj -> C:\Users\mark-turpen\code\wiifit\x64\Debug\dll1.dll
